2021-01-03 03:00:02,071 - root - INFO - Logging enabled.
2021-01-03 03:00:02,087 - root - INFO - The script is located in "E:\daily_export_reset" on the machine "MSEKIMW778P".
2021-01-03 03:00:02,274 - root - INFO - Processing reginal project "Region A".
2021-01-03 03:00:02,274 - root - INFO - Removing previously exported data...
2021-01-03 03:00:02,274 - remove - INFO - Successfully removed pathname "E:\daily_export_reset\export\a\INDEX001.xml".
2021-01-03 03:00:02,274 - remove - INFO - Successfully removed pathname "E:\daily_export_reset\export\a\PROPERTY-LIST001.xml".
2021-01-03 03:00:02,274 - root - INFO - Done.
2021-01-03 03:00:02,274 - root - INFO - Exporting pre-reset data...
2021-01-03 03:00:02,274 - dbcmd - INFO - Removing old dbcmd log files...
2021-01-03 03:00:02,274 - remove - INFO - Successfully removed pathname "E:\daily_export_reset\export\a_2020-12-27_03-08-18.log".
2021-01-03 03:00:02,274 - dbcmd - INFO - Executing dbcmd...
2021-01-03 03:03:05,829 - dbcmd - INFO - Checking log file "E:\daily_export_reset\export\a_2021-01-03_03-00-02.log"...
2021-01-03 03:03:05,845 - copy_file - INFO - Successfully copied pathname "E:\daily_export_reset\export\a_2021-01-03_03-00-02.log" to destination"E:\daily_export_reset\logs\reset_20210103030002\a_2021-01-03_03-00-02.log".
2021-01-03 03:03:05,845 - root - INFO - Counting pre-reset elements...
2021-01-03 03:03:05,861 - root - INFO - Done.
2021-01-03 03:03:05,861 - root - INFO - Removing previously edited data...
2021-01-03 03:03:05,861 - remove - INFO - Successfully removed pathname "E:\daily_export_reset\import\a\PROPERTY-LIST001.xml".
2021-01-03 03:03:05,861 - root - INFO - Done.
2021-01-03 03:03:05,861 - root - INFO - Changing "DAILY_EXPORT" flag to "NO"...
2021-01-03 03:03:05,876 - root - INFO - Done.
2021-01-03 03:03:05,876 - root - INFO - Importing edited data...
2021-01-03 03:03:05,876 - dbcmd - INFO - Removing old dbcmd log files...
2021-01-03 03:03:05,892 - remove - INFO - Successfully removed pathname "E:\daily_export_reset\import\a_2020-12-27_03-04-10.log".
2021-01-03 03:03:05,892 - dbcmd - INFO - Executing dbcmd...
2021-01-03 03:06:36,826 - dbcmd - INFO - Checking log file "E:\daily_export_reset\import\a_2021-01-03_03-03-06.log"...
2021-01-03 03:06:36,842 - copy_file - INFO - Successfully copied pathname "E:\daily_export_reset\import\a_2021-01-03_03-03-06.log" to destination"E:\daily_export_reset\logs\reset_20210103030002\a_2021-01-03_03-03-06.log".
2021-01-03 03:06:36,842 - root - INFO - Removing pre-reset exported data...
2021-01-03 03:06:36,842 - remove - INFO - Successfully removed pathname "E:\daily_export_reset\export\a\INDEX001.xml".
2021-01-03 03:06:36,842 - remove - INFO - Successfully removed pathname "E:\daily_export_reset\export\a\PROPERTY-LIST001.xml".
2021-01-03 03:06:36,842 - root - INFO - Done.
2021-01-03 03:06:36,842 - root - INFO - Exporting post-reset data...
2021-01-03 03:06:36,842 - dbcmd - INFO - Removing old dbcmd log files...
2021-01-03 03:06:36,842 - remove - INFO - Successfully removed pathname "E:\daily_export_reset\export\a_2021-01-03_03-00-02.log".
2021-01-03 03:06:36,842 - dbcmd - INFO - Executing dbcmd...
2021-01-03 03:09:49,508 - dbcmd - INFO - Checking log file "E:\daily_export_reset\export\a_2021-01-03_03-06-37.log"...
2021-01-03 03:09:49,524 - copy_file - INFO - Successfully copied pathname "E:\daily_export_reset\export\a_2021-01-03_03-06-37.log" to destination"E:\daily_export_reset\logs\reset_20210103030002\a_2021-01-03_03-06-37.log".
2021-01-03 03:09:49,524 - root - INFO - Counting post-reset elements...
2021-01-03 03:09:49,524 - root - INFO - Done.
2021-01-03 03:09:49,524 - root - INFO - Completed reginal project "Region A".
2021-01-03 03:09:49,524 - root - INFO - Processing reginal project "Region BFW".
2021-01-03 03:09:49,539 - root - INFO - Removing previously exported data...
2021-01-03 03:09:49,539 - remove - INFO - Successfully removed pathname "E:\daily_export_reset\export\bfw\INDEX001.xml".
2021-01-03 03:09:49,539 - remove - INFO - Successfully removed pathname "E:\daily_export_reset\export\bfw\PROPERTY-LIST001.xml".
2021-01-03 03:09:49,539 - root - INFO - Done.
2021-01-03 03:09:49,539 - root - INFO - Exporting pre-reset data...
2021-01-03 03:09:49,539 - dbcmd - INFO - Removing old dbcmd log files...
2021-01-03 03:09:49,539 - remove - INFO - Successfully removed pathname "E:\daily_export_reset\export\bfw_2020-12-27_03-21-18.log".
2021-01-03 03:09:49,539 - dbcmd - INFO - Executing dbcmd...
2021-01-03 03:13:15,388 - dbcmd - INFO - Checking log file "E:\daily_export_reset\export\bfw_2021-01-03_03-09-49.log"...
2021-01-03 03:13:15,403 - copy_file - INFO - Successfully copied pathname "E:\daily_export_reset\export\bfw_2021-01-03_03-09-49.log" to destination"E:\daily_export_reset\logs\reset_20210103030002\bfw_2021-01-03_03-09-49.log".
2021-01-03 03:13:15,403 - root - INFO - Counting pre-reset elements...
2021-01-03 03:13:15,403 - root - INFO - Done.
2021-01-03 03:13:15,403 - root - INFO - Removing previously edited data...
2021-01-03 03:13:15,403 - remove - INFO - Successfully removed pathname "E:\daily_export_reset\import\bfw\PROPERTY-LIST001.xml".
2021-01-03 03:13:15,403 - root - INFO - Done.
2021-01-03 03:13:15,403 - root - INFO - Changing "DAILY_EXPORT" flag to "NO"...
2021-01-03 03:13:15,419 - root - INFO - Done.
2021-01-03 03:13:15,419 - root - INFO - Importing edited data...
2021-01-03 03:13:15,419 - dbcmd - INFO - Removing old dbcmd log files...
2021-01-03 03:13:15,419 - remove - INFO - Successfully removed pathname "E:\daily_export_reset\import\bfw_2020-12-27_03-16-05.log".
2021-01-03 03:13:15,419 - dbcmd - INFO - Executing dbcmd...
2021-01-03 03:16:58,740 - dbcmd - INFO - Checking log file "E:\daily_export_reset\import\bfw_2021-01-03_03-13-15.log"...
2021-01-03 03:16:58,740 - copy_file - INFO - Successfully copied pathname "E:\daily_export_reset\import\bfw_2021-01-03_03-13-15.log" to destination"E:\daily_export_reset\logs\reset_20210103030002\bfw_2021-01-03_03-13-15.log".
2021-01-03 03:16:58,740 - root - INFO - Removing pre-reset exported data...
2021-01-03 03:16:58,756 - remove - INFO - Successfully removed pathname "E:\daily_export_reset\export\bfw\INDEX001.xml".
2021-01-03 03:16:58,756 - remove - INFO - Successfully removed pathname "E:\daily_export_reset\export\bfw\PROPERTY-LIST001.xml".
2021-01-03 03:16:58,756 - root - INFO - Done.
2021-01-03 03:16:58,756 - root - INFO - Exporting post-reset data...
2021-01-03 03:16:58,756 - dbcmd - INFO - Removing old dbcmd log files...
2021-01-03 03:16:58,756 - remove - INFO - Successfully removed pathname "E:\daily_export_reset\export\bfw_2021-01-03_03-09-49.log".
2021-01-03 03:16:58,756 - dbcmd - INFO - Executing dbcmd...
2021-01-03 03:20:50,969 - dbcmd - INFO - Checking log file "E:\daily_export_reset\export\bfw_2021-01-03_03-16-59.log"...
2021-01-03 03:20:50,985 - copy_file - INFO - Successfully copied pathname "E:\daily_export_reset\export\bfw_2021-01-03_03-16-59.log" to destination"E:\daily_export_reset\logs\reset_20210103030002\bfw_2021-01-03_03-16-59.log".
2021-01-03 03:20:50,985 - root - INFO - Counting post-reset elements...
2021-01-03 03:20:50,985 - root - INFO - Done.
2021-01-03 03:20:50,985 - root - INFO - Completed reginal project "Region BFW".
2021-01-03 03:20:50,985 - root - INFO - Processing reginal project "Region C".
2021-01-03 03:20:50,985 - root - INFO - Removing previously exported data...
2021-01-03 03:20:50,985 - remove - INFO - Successfully removed pathname "E:\daily_export_reset\export\c\INDEX001.xml".
2021-01-03 03:20:50,985 - remove - INFO - Successfully removed pathname "E:\daily_export_reset\export\c\PROPERTY-LIST001.xml".
2021-01-03 03:20:50,985 - root - INFO - Done.
2021-01-03 03:20:50,985 - root - INFO - Exporting pre-reset data...
2021-01-03 03:20:50,985 - dbcmd - INFO - Removing old dbcmd log files...
2021-01-03 03:20:51,000 - remove - INFO - Successfully removed pathname "E:\daily_export_reset\export\c_2020-12-27_03-32-46.log".
2021-01-03 03:20:51,000 - dbcmd - INFO - Executing dbcmd...
2021-01-03 03:23:44,400 - dbcmd - INFO - Checking log file "E:\daily_export_reset\export\c_2021-01-03_03-20-51.log"...
2021-01-03 03:23:44,400 - copy_file - INFO - Successfully copied pathname "E:\daily_export_reset\export\c_2021-01-03_03-20-51.log" to destination"E:\daily_export_reset\logs\reset_20210103030002\c_2021-01-03_03-20-51.log".
2021-01-03 03:23:44,400 - root - INFO - Counting pre-reset elements...
2021-01-03 03:23:44,416 - root - INFO - Done.
2021-01-03 03:23:44,416 - root - INFO - Removing previously edited data...
2021-01-03 03:23:44,416 - remove - INFO - Successfully removed pathname "E:\daily_export_reset\import\c\PROPERTY-LIST001.xml".
2021-01-03 03:23:44,416 - root - INFO - Done.
2021-01-03 03:23:44,431 - root - INFO - Changing "DAILY_EXPORT" flag to "NO"...
2021-01-03 03:23:44,431 - root - INFO - Done.
2021-01-03 03:23:44,447 - root - INFO - Importing edited data...
2021-01-03 03:23:44,447 - dbcmd - INFO - Removing old dbcmd log files...
2021-01-03 03:23:44,447 - remove - INFO - Successfully removed pathname "E:\daily_export_reset\import\c_2020-12-27_03-28-53.log".
2021-01-03 03:23:44,447 - dbcmd - INFO - Executing dbcmd...
2021-01-03 03:26:46,973 - dbcmd - INFO - Checking log file "E:\daily_export_reset\import\c_2021-01-03_03-23-44.log"...
2021-01-03 03:26:46,973 - copy_file - INFO - Successfully copied pathname "E:\daily_export_reset\import\c_2021-01-03_03-23-44.log" to destination"E:\daily_export_reset\logs\reset_20210103030002\c_2021-01-03_03-23-44.log".
2021-01-03 03:26:46,973 - root - INFO - Removing pre-reset exported data...
2021-01-03 03:26:46,988 - remove - INFO - Successfully removed pathname "E:\daily_export_reset\export\c\INDEX001.xml".
2021-01-03 03:26:46,988 - remove - INFO - Successfully removed pathname "E:\daily_export_reset\export\c\PROPERTY-LIST001.xml".
2021-01-03 03:26:46,988 - root - INFO - Done.
2021-01-03 03:26:46,988 - root - INFO - Exporting post-reset data...
2021-01-03 03:26:46,988 - dbcmd - INFO - Removing old dbcmd log files...
2021-01-03 03:26:46,988 - remove - INFO - Successfully removed pathname "E:\daily_export_reset\export\c_2021-01-03_03-20-51.log".
2021-01-03 03:26:46,988 - dbcmd - INFO - Executing dbcmd...
2021-01-03 03:29:22,135 - dbcmd - INFO - Checking log file "E:\daily_export_reset\export\c_2021-01-03_03-26-47.log"...
2021-01-03 03:29:22,151 - copy_file - INFO - Successfully copied pathname "E:\daily_export_reset\export\c_2021-01-03_03-26-47.log" to destination"E:\daily_export_reset\logs\reset_20210103030002\c_2021-01-03_03-26-47.log".
2021-01-03 03:29:22,151 - root - INFO - Counting post-reset elements...
2021-01-03 03:29:22,151 - root - INFO - Done.
2021-01-03 03:29:22,151 - root - INFO - Completed reginal project "Region C".
2021-01-03 03:29:22,151 - root - INFO - Processing reginal project "Region G".
2021-01-03 03:29:22,151 - root - INFO - Removing previously exported data...
2021-01-03 03:29:22,151 - remove - INFO - Successfully removed pathname "E:\daily_export_reset\export\g\INDEX001.xml".
2021-01-03 03:29:22,151 - remove - INFO - Successfully removed pathname "E:\daily_export_reset\export\g\PROPERTY-LIST001.xml".
2021-01-03 03:29:22,166 - root - INFO - Done.
2021-01-03 03:29:22,166 - root - INFO - Exporting pre-reset data...
2021-01-03 03:29:22,166 - dbcmd - INFO - Removing old dbcmd log files...
2021-01-03 03:29:22,166 - remove - INFO - Successfully removed pathname "E:\daily_export_reset\export\g_2020-12-27_03-43-31.log".
2021-01-03 03:29:22,166 - dbcmd - INFO - Executing dbcmd...
2021-01-03 03:32:17,594 - dbcmd - INFO - Checking log file "E:\daily_export_reset\export\g_2021-01-03_03-29-22.log"...
2021-01-03 03:32:17,610 - copy_file - INFO - Successfully copied pathname "E:\daily_export_reset\export\g_2021-01-03_03-29-22.log" to destination"E:\daily_export_reset\logs\reset_20210103030002\g_2021-01-03_03-29-22.log".
2021-01-03 03:32:17,610 - root - INFO - Counting pre-reset elements...
2021-01-03 03:32:17,641 - root - INFO - Done.
2021-01-03 03:32:17,641 - root - INFO - Removing previously edited data...
2021-01-03 03:32:17,641 - remove - INFO - Successfully removed pathname "E:\daily_export_reset\import\g\PROPERTY-LIST001.xml".
2021-01-03 03:32:17,641 - root - INFO - Done.
2021-01-03 03:32:17,641 - root - INFO - Changing "DAILY_EXPORT" flag to "NO"...
2021-01-03 03:32:17,734 - root - INFO - Done.
2021-01-03 03:32:17,734 - root - INFO - Importing edited data...
2021-01-03 03:32:17,734 - dbcmd - INFO - Removing old dbcmd log files...
2021-01-03 03:32:17,734 - remove - INFO - Successfully removed pathname "E:\daily_export_reset\import\g_2020-12-27_03-40-02.log".
2021-01-03 03:32:17,734 - dbcmd - INFO - Executing dbcmd...
2021-01-03 03:35:42,569 - dbcmd - INFO - Checking log file "E:\daily_export_reset\import\g_2021-01-03_03-32-18.log"...
2021-01-03 03:35:42,585 - copy_file - INFO - Successfully copied pathname "E:\daily_export_reset\import\g_2021-01-03_03-32-18.log" to destination"E:\daily_export_reset\logs\reset_20210103030002\g_2021-01-03_03-32-18.log".
2021-01-03 03:35:42,585 - root - INFO - Removing pre-reset exported data...
2021-01-03 03:35:42,585 - remove - INFO - Successfully removed pathname "E:\daily_export_reset\export\g\INDEX001.xml".
2021-01-03 03:35:42,585 - remove - INFO - Successfully removed pathname "E:\daily_export_reset\export\g\PROPERTY-LIST001.xml".
2021-01-03 03:35:42,585 - root - INFO - Done.
2021-01-03 03:35:42,585 - root - INFO - Exporting post-reset data...
2021-01-03 03:35:42,585 - dbcmd - INFO - Removing old dbcmd log files...
2021-01-03 03:35:42,585 - remove - INFO - Successfully removed pathname "E:\daily_export_reset\export\g_2021-01-03_03-29-22.log".
2021-01-03 03:35:42,585 - dbcmd - INFO - Executing dbcmd...
2021-01-03 03:38:04,549 - dbcmd - INFO - Checking log file "E:\daily_export_reset\export\g_2021-01-03_03-35-42.log"...
2021-01-03 03:38:04,565 - copy_file - INFO - Successfully copied pathname "E:\daily_export_reset\export\g_2021-01-03_03-35-42.log" to destination"E:\daily_export_reset\logs\reset_20210103030002\g_2021-01-03_03-35-42.log".
2021-01-03 03:38:04,565 - root - INFO - Counting post-reset elements...
2021-01-03 03:38:04,565 - root - INFO - Done.
2021-01-03 03:38:04,565 - root - INFO - Completed reginal project "Region G".
2021-01-03 03:38:04,565 - root - INFO - Processing reginal project "Region H".
2021-01-03 03:38:04,565 - root - INFO - Removing previously exported data...
2021-01-03 03:38:04,565 - remove - INFO - Successfully removed pathname "E:\daily_export_reset\export\h\INDEX001.xml".
2021-01-03 03:38:04,565 - remove - INFO - Successfully removed pathname "E:\daily_export_reset\export\h\PROPERTY-LIST001.xml".
2021-01-03 03:38:04,565 - root - INFO - Done.
2021-01-03 03:38:04,565 - root - INFO - Exporting pre-reset data...
2021-01-03 03:38:04,580 - dbcmd - INFO - Removing old dbcmd log files...
2021-01-03 03:38:04,580 - remove - INFO - Successfully removed pathname "E:\daily_export_reset\export\h_2020-12-27_03-51-45.log".
2021-01-03 03:38:04,580 - dbcmd - INFO - Executing dbcmd...
2021-01-03 03:40:17,434 - dbcmd - INFO - Checking log file "E:\daily_export_reset\export\h_2021-01-03_03-38-04.log"...
2021-01-03 03:40:17,434 - copy_file - INFO - Successfully copied pathname "E:\daily_export_reset\export\h_2021-01-03_03-38-04.log" to destination"E:\daily_export_reset\logs\reset_20210103030002\h_2021-01-03_03-38-04.log".
2021-01-03 03:40:17,434 - root - INFO - Counting pre-reset elements...
2021-01-03 03:40:17,450 - root - INFO - Done.
2021-01-03 03:40:17,450 - root - INFO - Removing previously edited data...
2021-01-03 03:40:17,450 - remove - INFO - Successfully removed pathname "E:\daily_export_reset\import\h\PROPERTY-LIST001.xml".
2021-01-03 03:40:17,450 - root - INFO - Done.
2021-01-03 03:40:17,450 - root - INFO - Changing "DAILY_EXPORT" flag to "NO"...
2021-01-03 03:40:17,465 - root - INFO - Done.
2021-01-03 03:40:17,465 - root - INFO - Importing edited data...
2021-01-03 03:40:17,465 - dbcmd - INFO - Removing old dbcmd log files...
2021-01-03 03:40:17,465 - remove - INFO - Successfully removed pathname "E:\daily_export_reset\import\h_2020-12-27_03-48-38.log".
2021-01-03 03:40:17,465 - dbcmd - INFO - Executing dbcmd...
2021-01-03 03:43:13,907 - dbcmd - INFO - Checking log file "E:\daily_export_reset\import\h_2021-01-03_03-40-17.log"...
2021-01-03 03:43:13,923 - copy_file - INFO - Successfully copied pathname "E:\daily_export_reset\import\h_2021-01-03_03-40-17.log" to destination"E:\daily_export_reset\logs\reset_20210103030002\h_2021-01-03_03-40-17.log".
2021-01-03 03:43:13,923 - root - INFO - Removing pre-reset exported data...
2021-01-03 03:43:13,923 - remove - INFO - Successfully removed pathname "E:\daily_export_reset\export\h\INDEX001.xml".
2021-01-03 03:43:13,923 - remove - INFO - Successfully removed pathname "E:\daily_export_reset\export\h\PROPERTY-LIST001.xml".
2021-01-03 03:43:13,923 - root - INFO - Done.
2021-01-03 03:43:13,923 - root - INFO - Exporting post-reset data...
2021-01-03 03:43:13,938 - dbcmd - INFO - Removing old dbcmd log files...
2021-01-03 03:43:13,938 - remove - INFO - Successfully removed pathname "E:\daily_export_reset\export\h_2021-01-03_03-38-04.log".
2021-01-03 03:43:13,938 - dbcmd - INFO - Executing dbcmd...
2021-01-03 03:45:41,987 - dbcmd - INFO - Checking log file "E:\daily_export_reset\export\h_2021-01-03_03-43-14.log"...
2021-01-03 03:45:42,003 - copy_file - INFO - Successfully copied pathname "E:\daily_export_reset\export\h_2021-01-03_03-43-14.log" to destination"E:\daily_export_reset\logs\reset_20210103030002\h_2021-01-03_03-43-14.log".
2021-01-03 03:45:42,003 - root - INFO - Counting post-reset elements...
2021-01-03 03:45:42,018 - root - INFO - Done.
2021-01-03 03:45:42,018 - root - INFO - Completed reginal project "Region H".
2021-01-03 03:45:42,018 - root - INFO - Processing reginal project "Region L".
2021-01-03 03:45:42,018 - root - INFO - Removing previously exported data...
2021-01-03 03:45:42,018 - remove - INFO - Successfully removed pathname "E:\daily_export_reset\export\l\INDEX001.xml".
2021-01-03 03:45:42,018 - remove - INFO - Successfully removed pathname "E:\daily_export_reset\export\l\PROPERTY-LIST001.xml".
2021-01-03 03:45:42,018 - root - INFO - Done.
2021-01-03 03:45:42,018 - root - INFO - Exporting pre-reset data...
2021-01-03 03:45:42,018 - dbcmd - INFO - Removing old dbcmd log files...
2021-01-03 03:45:42,018 - remove - INFO - Successfully removed pathname "E:\daily_export_reset\export\l_2020-12-27_04-00-26.log".
2021-01-03 03:45:42,018 - dbcmd - INFO - Executing dbcmd...
2021-01-03 03:48:27,321 - dbcmd - INFO - Checking log file "E:\daily_export_reset\export\l_2021-01-03_03-45-42.log"...
2021-01-03 03:48:27,321 - copy_file - INFO - Successfully copied pathname "E:\daily_export_reset\export\l_2021-01-03_03-45-42.log" to destination"E:\daily_export_reset\logs\reset_20210103030002\l_2021-01-03_03-45-42.log".
2021-01-03 03:48:27,321 - root - INFO - Counting pre-reset elements...
2021-01-03 03:48:27,352 - root - INFO - Done.
2021-01-03 03:48:27,352 - root - INFO - Removing previously edited data...
2021-01-03 03:48:27,352 - remove - INFO - Successfully removed pathname "E:\daily_export_reset\import\l\PROPERTY-LIST001.xml".
2021-01-03 03:48:27,352 - root - INFO - Done.
2021-01-03 03:48:27,352 - root - INFO - Changing "DAILY_EXPORT" flag to "NO"...
2021-01-03 03:48:27,399 - root - INFO - Done.
2021-01-03 03:48:27,399 - root - INFO - Importing edited data...
2021-01-03 03:48:27,399 - dbcmd - INFO - Removing old dbcmd log files...
2021-01-03 03:48:27,399 - remove - INFO - Successfully removed pathname "E:\daily_export_reset\import\l_2020-12-27_03-56-42.log".
2021-01-03 03:48:27,399 - dbcmd - INFO - Executing dbcmd...
2021-01-03 03:51:41,079 - dbcmd - INFO - Checking log file "E:\daily_export_reset\import\l_2021-01-03_03-48-27.log"...
2021-01-03 03:51:41,079 - copy_file - INFO - Successfully copied pathname "E:\daily_export_reset\import\l_2021-01-03_03-48-27.log" to destination"E:\daily_export_reset\logs\reset_20210103030002\l_2021-01-03_03-48-27.log".
2021-01-03 03:51:41,079 - root - INFO - Removing pre-reset exported data...
2021-01-03 03:51:41,079 - remove - INFO - Successfully removed pathname "E:\daily_export_reset\export\l\INDEX001.xml".
2021-01-03 03:51:41,079 - remove - INFO - Successfully removed pathname "E:\daily_export_reset\export\l\PROPERTY-LIST001.xml".
2021-01-03 03:51:41,079 - root - INFO - Done.
2021-01-03 03:51:41,079 - root - INFO - Exporting post-reset data...
2021-01-03 03:51:41,079 - dbcmd - INFO - Removing old dbcmd log files...
2021-01-03 03:51:41,079 - remove - INFO - Successfully removed pathname "E:\daily_export_reset\export\l_2021-01-03_03-45-42.log".
2021-01-03 03:51:41,079 - dbcmd - INFO - Executing dbcmd...
2021-01-03 03:54:17,240 - dbcmd - INFO - Checking log file "E:\daily_export_reset\export\l_2021-01-03_03-51-41.log"...
2021-01-03 03:54:17,256 - copy_file - INFO - Successfully copied pathname "E:\daily_export_reset\export\l_2021-01-03_03-51-41.log" to destination"E:\daily_export_reset\logs\reset_20210103030002\l_2021-01-03_03-51-41.log".
2021-01-03 03:54:17,256 - root - INFO - Counting post-reset elements...
2021-01-03 03:54:17,256 - root - INFO - Done.
2021-01-03 03:54:17,256 - root - INFO - Completed reginal project "Region L".
2021-01-03 03:54:17,256 - root - INFO - Processing reginal project "Region NR".
2021-01-03 03:54:17,256 - root - INFO - Removing previously exported data...
2021-01-03 03:54:17,256 - remove - INFO - Successfully removed pathname "E:\daily_export_reset\export\nr\INDEX001.xml".
2021-01-03 03:54:17,256 - remove - INFO - Successfully removed pathname "E:\daily_export_reset\export\nr\PROPERTY-LIST001.xml".
2021-01-03 03:54:17,256 - root - INFO - Done.
2021-01-03 03:54:17,256 - root - INFO - Exporting pre-reset data...
2021-01-03 03:54:17,272 - dbcmd - INFO - Removing old dbcmd log files...
2021-01-03 03:54:17,272 - remove - INFO - Successfully removed pathname "E:\daily_export_reset\export\nr_2020-12-27_04-09-42.log".
2021-01-03 03:54:17,272 - dbcmd - INFO - Executing dbcmd...
2021-01-03 03:56:55,523 - dbcmd - INFO - Checking log file "E:\daily_export_reset\export\nr_2021-01-03_03-54-17.log"...
2021-01-03 03:56:55,523 - copy_file - INFO - Successfully copied pathname "E:\daily_export_reset\export\nr_2021-01-03_03-54-17.log" to destination"E:\daily_export_reset\logs\reset_20210103030002\nr_2021-01-03_03-54-17.log".
2021-01-03 03:56:55,539 - root - INFO - Counting pre-reset elements...
2021-01-03 03:56:55,539 - root - INFO - Done.
2021-01-03 03:56:55,539 - root - INFO - Removing previously edited data...
2021-01-03 03:56:55,554 - remove - INFO - Successfully removed pathname "E:\daily_export_reset\import\nr\PROPERTY-LIST001.xml".
2021-01-03 03:56:55,554 - root - INFO - Done.
2021-01-03 03:56:55,554 - root - INFO - Changing "DAILY_EXPORT" flag to "NO"...
2021-01-03 03:56:55,570 - root - INFO - Done.
2021-01-03 03:56:55,570 - root - INFO - Importing edited data...
2021-01-03 03:56:55,570 - dbcmd - INFO - Removing old dbcmd log files...
2021-01-03 03:56:55,585 - remove - INFO - Successfully removed pathname "E:\daily_export_reset\import\nr_2020-12-27_04-06-13.log".
2021-01-03 03:56:55,585 - dbcmd - INFO - Executing dbcmd...
2021-01-03 03:59:58,111 - dbcmd - INFO - Checking log file "E:\daily_export_reset\import\nr_2021-01-03_03-56-55.log"...
2021-01-03 03:59:58,111 - copy_file - INFO - Successfully copied pathname "E:\daily_export_reset\import\nr_2021-01-03_03-56-55.log" to destination"E:\daily_export_reset\logs\reset_20210103030002\nr_2021-01-03_03-56-55.log".
2021-01-03 03:59:58,111 - root - INFO - Removing pre-reset exported data...
2021-01-03 03:59:58,127 - remove - INFO - Successfully removed pathname "E:\daily_export_reset\export\nr\INDEX001.xml".
2021-01-03 03:59:58,127 - remove - INFO - Successfully removed pathname "E:\daily_export_reset\export\nr\PROPERTY-LIST001.xml".
2021-01-03 03:59:58,127 - root - INFO - Done.
2021-01-03 03:59:58,127 - root - INFO - Exporting post-reset data...
2021-01-03 03:59:58,127 - dbcmd - INFO - Removing old dbcmd log files...
2021-01-03 03:59:58,127 - remove - INFO - Successfully removed pathname "E:\daily_export_reset\export\nr_2021-01-03_03-54-17.log".
2021-01-03 03:59:58,127 - dbcmd - INFO - Executing dbcmd...
2021-01-03 04:02:41,386 - dbcmd - INFO - Checking log file "E:\daily_export_reset\export\nr_2021-01-03_03-59-58.log"...
2021-01-03 04:02:41,402 - copy_file - INFO - Successfully copied pathname "E:\daily_export_reset\export\nr_2021-01-03_03-59-58.log" to destination"E:\daily_export_reset\logs\reset_20210103030002\nr_2021-01-03_03-59-58.log".
2021-01-03 04:02:41,402 - root - INFO - Counting post-reset elements...
2021-01-03 04:02:41,402 - root - INFO - Done.
2021-01-03 04:02:41,402 - root - INFO - Completed reginal project "Region NR".
2021-01-03 04:02:41,402 - root - INFO - Processing reginal project "Region O".
2021-01-03 04:02:41,402 - root - INFO - Removing previously exported data...
2021-01-03 04:02:41,402 - remove - INFO - Successfully removed pathname "E:\daily_export_reset\export\o\INDEX001.xml".
2021-01-03 04:02:41,402 - remove - INFO - Successfully removed pathname "E:\daily_export_reset\export\o\PROPERTY-LIST001.xml".
2021-01-03 04:02:41,402 - root - INFO - Done.
2021-01-03 04:02:41,402 - root - INFO - Exporting pre-reset data...
2021-01-03 04:02:41,417 - dbcmd - INFO - Removing old dbcmd log files...
2021-01-03 04:02:41,417 - remove - INFO - Successfully removed pathname "E:\daily_export_reset\export\o_2020-12-27_04-18-20.log".
2021-01-03 04:02:41,417 - dbcmd - INFO - Executing dbcmd...
2021-01-03 04:05:01,354 - dbcmd - INFO - Checking log file "E:\daily_export_reset\export\o_2021-01-03_04-02-41.log"...
2021-01-03 04:05:01,354 - copy_file - INFO - Successfully copied pathname "E:\daily_export_reset\export\o_2021-01-03_04-02-41.log" to destination"E:\daily_export_reset\logs\reset_20210103030002\o_2021-01-03_04-02-41.log".
2021-01-03 04:05:01,369 - root - INFO - Counting pre-reset elements...
2021-01-03 04:05:01,369 - root - INFO - Done.
2021-01-03 04:05:01,369 - root - INFO - Removing previously edited data...
2021-01-03 04:05:01,369 - remove - INFO - Successfully removed pathname "E:\daily_export_reset\import\o\PROPERTY-LIST001.xml".
2021-01-03 04:05:01,369 - root - INFO - Done.
2021-01-03 04:05:01,369 - root - INFO - Changing "DAILY_EXPORT" flag to "NO"...
2021-01-03 04:05:01,385 - root - INFO - Done.
2021-01-03 04:05:01,385 - root - INFO - Importing edited data...
2021-01-03 04:05:01,385 - dbcmd - INFO - Removing old dbcmd log files...
2021-01-03 04:05:01,401 - remove - INFO - Successfully removed pathname "E:\daily_export_reset\import\o_2020-12-27_04-15-10.log".
2021-01-03 04:05:01,401 - dbcmd - INFO - Executing dbcmd...
2021-01-03 04:08:23,193 - dbcmd - INFO - Checking log file "E:\daily_export_reset\import\o_2021-01-03_04-05-01.log"...
2021-01-03 04:08:23,209 - copy_file - INFO - Successfully copied pathname "E:\daily_export_reset\import\o_2021-01-03_04-05-01.log" to destination"E:\daily_export_reset\logs\reset_20210103030002\o_2021-01-03_04-05-01.log".
2021-01-03 04:08:23,209 - root - INFO - Removing pre-reset exported data...
2021-01-03 04:08:23,209 - remove - INFO - Successfully removed pathname "E:\daily_export_reset\export\o\INDEX001.xml".
2021-01-03 04:08:23,209 - remove - INFO - Successfully removed pathname "E:\daily_export_reset\export\o\PROPERTY-LIST001.xml".
2021-01-03 04:08:23,209 - root - INFO - Done.
2021-01-03 04:08:23,209 - root - INFO - Exporting post-reset data...
2021-01-03 04:08:23,209 - dbcmd - INFO - Removing old dbcmd log files...
2021-01-03 04:08:23,209 - remove - INFO - Successfully removed pathname "E:\daily_export_reset\export\o_2021-01-03_04-02-41.log".
2021-01-03 04:08:23,209 - dbcmd - INFO - Executing dbcmd...
2021-01-03 04:10:54,299 - dbcmd - INFO - Checking log file "E:\daily_export_reset\export\o_2021-01-03_04-08-23.log"...
2021-01-03 04:10:54,315 - copy_file - INFO - Successfully copied pathname "E:\daily_export_reset\export\o_2021-01-03_04-08-23.log" to destination"E:\daily_export_reset\logs\reset_20210103030002\o_2021-01-03_04-08-23.log".
2021-01-03 04:10:54,315 - root - INFO - Counting post-reset elements...
2021-01-03 04:10:54,315 - root - INFO - Done.
2021-01-03 04:10:54,315 - root - INFO - Completed reginal project "Region O".
2021-01-03 04:10:54,315 - root - INFO - Copying the log at this point...
2021-01-03 04:10:54,331 - copy_file - INFO - Successfully copied pathname "E:\daily_export_reset\logs\python_20210103030002.log" to destination"E:\daily_export_reset\logs\reset_20210103030002\python_20210103030002.log".
2021-01-03 04:10:54,346 - root - INFO - Archiving and compressing logs...
2021-01-03 04:10:54,487 - remove - INFO - Successfully removed path-prefix "E:\daily_export_reset\logs\reset_20210103030002".
2021-01-03 04:10:54,674 - root - INFO - Authoring mail body...
2021-01-03 04:10:54,939 - root - INFO - Seding files to freetown...
2021-01-03 04:10:54,939 - paramiko.transport - INFO - Connected (version 2.0, client Sun_SSH_2.0)
2021-01-03 04:10:56,203 - paramiko.transport - INFO - Authentication (publickey) successful!
2021-01-03 04:10:56,265 - paramiko.transport.sftp - INFO - [chan 0] Opened sftp connection (server version 3)
2021-01-03 04:10:57,685 - root - INFO - Done.
