2020-12-27 03:00:01,874 - root - INFO - Logging enabled.
2020-12-27 03:00:01,890 - root - INFO - The script is located in "E:\daily_export_reset" on the machine "MSEKIMW778P".
2020-12-27 03:00:02,124 - root - INFO - Processing reginal project "Region A".
2020-12-27 03:00:02,124 - root - INFO - Removing previously exported data...
2020-12-27 03:00:02,124 - remove - INFO - Successfully removed pathname "E:\daily_export_reset\export\a\INDEX001.xml".
2020-12-27 03:00:02,124 - remove - INFO - Successfully removed pathname "E:\daily_export_reset\export\a\PROPERTY-LIST001.xml".
2020-12-27 03:00:02,124 - root - INFO - Done.
2020-12-27 03:00:02,124 - root - INFO - Exporting pre-reset data...
2020-12-27 03:00:02,140 - dbcmd - INFO - Removing old dbcmd log files...
2020-12-27 03:00:02,140 - remove - INFO - Successfully removed pathname "E:\daily_export_reset\export\a_2020-12-20_03-08-26.log".
2020-12-27 03:00:02,140 - dbcmd - INFO - Executing dbcmd...
2020-12-27 03:04:09,564 - dbcmd - INFO - Checking log file "E:\daily_export_reset\export\a_2020-12-27_03-00-02.log"...
2020-12-27 03:04:09,579 - copy_file - INFO - Successfully copied pathname "E:\daily_export_reset\export\a_2020-12-27_03-00-02.log" to destination"E:\daily_export_reset\logs\reset_20201227030001\a_2020-12-27_03-00-02.log".
2020-12-27 03:04:09,579 - root - INFO - Counting pre-reset elements...
2020-12-27 03:04:09,579 - root - INFO - Done.
2020-12-27 03:04:09,579 - root - INFO - Removing previously edited data...
2020-12-27 03:04:09,595 - remove - INFO - Successfully removed pathname "E:\daily_export_reset\import\a\PROPERTY-LIST001.xml".
2020-12-27 03:04:09,595 - root - INFO - Done.
2020-12-27 03:04:09,595 - root - INFO - Changing "DAILY_EXPORT" flag to "NO"...
2020-12-27 03:04:09,595 - root - INFO - Done.
2020-12-27 03:04:09,595 - root - INFO - Importing edited data...
2020-12-27 03:04:09,610 - dbcmd - INFO - Removing old dbcmd log files...
2020-12-27 03:04:09,610 - remove - INFO - Successfully removed pathname "E:\daily_export_reset\import\a_2020-12-20_03-03-45.log".
2020-12-27 03:04:09,610 - dbcmd - INFO - Executing dbcmd...
2020-12-27 03:08:18,048 - dbcmd - INFO - Checking log file "E:\daily_export_reset\import\a_2020-12-27_03-04-10.log"...
2020-12-27 03:08:18,048 - copy_file - INFO - Successfully copied pathname "E:\daily_export_reset\import\a_2020-12-27_03-04-10.log" to destination"E:\daily_export_reset\logs\reset_20201227030001\a_2020-12-27_03-04-10.log".
2020-12-27 03:08:18,048 - root - INFO - Removing pre-reset exported data...
2020-12-27 03:08:18,048 - remove - INFO - Successfully removed pathname "E:\daily_export_reset\export\a\INDEX001.xml".
2020-12-27 03:08:18,048 - remove - INFO - Successfully removed pathname "E:\daily_export_reset\export\a\PROPERTY-LIST001.xml".
2020-12-27 03:08:18,048 - root - INFO - Done.
2020-12-27 03:08:18,048 - root - INFO - Exporting post-reset data...
2020-12-27 03:08:18,048 - dbcmd - INFO - Removing old dbcmd log files...
2020-12-27 03:08:18,048 - remove - INFO - Successfully removed pathname "E:\daily_export_reset\export\a_2020-12-27_03-00-02.log".
2020-12-27 03:08:18,048 - dbcmd - INFO - Executing dbcmd...
2020-12-27 03:11:29,701 - dbcmd - INFO - Checking log file "E:\daily_export_reset\export\a_2020-12-27_03-08-18.log"...
2020-12-27 03:11:29,716 - copy_file - INFO - Successfully copied pathname "E:\daily_export_reset\export\a_2020-12-27_03-08-18.log" to destination"E:\daily_export_reset\logs\reset_20201227030001\a_2020-12-27_03-08-18.log".
2020-12-27 03:11:29,716 - root - INFO - Counting post-reset elements...
2020-12-27 03:11:29,716 - root - INFO - Done.
2020-12-27 03:11:29,716 - root - INFO - Completed reginal project "Region A".
2020-12-27 03:11:29,716 - root - INFO - Processing reginal project "Region BFW".
2020-12-27 03:11:29,716 - root - INFO - Removing previously exported data...
2020-12-27 03:11:29,716 - remove - INFO - Successfully removed pathname "E:\daily_export_reset\export\bfw\INDEX001.xml".
2020-12-27 03:11:29,716 - remove - INFO - Successfully removed pathname "E:\daily_export_reset\export\bfw\PROPERTY-LIST001.xml".
2020-12-27 03:11:29,716 - root - INFO - Done.
2020-12-27 03:11:29,716 - root - INFO - Exporting pre-reset data...
2020-12-27 03:11:29,716 - dbcmd - INFO - Removing old dbcmd log files...
2020-12-27 03:11:29,732 - remove - INFO - Successfully removed pathname "E:\daily_export_reset\export\bfw_2020-12-20_03-21-07.log".
2020-12-27 03:11:29,732 - dbcmd - INFO - Executing dbcmd...
2020-12-27 03:16:04,566 - dbcmd - INFO - Checking log file "E:\daily_export_reset\export\bfw_2020-12-27_03-11-30.log"...
2020-12-27 03:16:04,581 - copy_file - INFO - Successfully copied pathname "E:\daily_export_reset\export\bfw_2020-12-27_03-11-30.log" to destination"E:\daily_export_reset\logs\reset_20201227030001\bfw_2020-12-27_03-11-30.log".
2020-12-27 03:16:04,581 - root - INFO - Counting pre-reset elements...
2020-12-27 03:16:04,675 - root - INFO - Done.
2020-12-27 03:16:04,675 - root - INFO - Removing previously edited data...
2020-12-27 03:16:04,691 - remove - INFO - Successfully removed pathname "E:\daily_export_reset\import\bfw\PROPERTY-LIST001.xml".
2020-12-27 03:16:04,691 - root - INFO - Done.
2020-12-27 03:16:04,691 - root - INFO - Changing "DAILY_EXPORT" flag to "NO"...
2020-12-27 03:16:05,034 - root - INFO - Done.
2020-12-27 03:16:05,034 - root - INFO - Importing edited data...
2020-12-27 03:16:05,034 - dbcmd - INFO - Removing old dbcmd log files...
2020-12-27 03:16:05,034 - remove - INFO - Successfully removed pathname "E:\daily_export_reset\import\bfw_2020-12-20_03-15-05.log".
2020-12-27 03:16:05,034 - dbcmd - INFO - Executing dbcmd...
2020-12-27 03:21:18,463 - dbcmd - INFO - Checking log file "E:\daily_export_reset\import\bfw_2020-12-27_03-16-05.log"...
2020-12-27 03:21:18,479 - copy_file - INFO - Successfully copied pathname "E:\daily_export_reset\import\bfw_2020-12-27_03-16-05.log" to destination"E:\daily_export_reset\logs\reset_20201227030001\bfw_2020-12-27_03-16-05.log".
2020-12-27 03:21:18,479 - root - INFO - Removing pre-reset exported data...
2020-12-27 03:21:18,479 - remove - INFO - Successfully removed pathname "E:\daily_export_reset\export\bfw\INDEX001.xml".
2020-12-27 03:21:18,495 - remove - INFO - Successfully removed pathname "E:\daily_export_reset\export\bfw\PROPERTY-LIST001.xml".
2020-12-27 03:21:18,495 - root - INFO - Done.
2020-12-27 03:21:18,495 - root - INFO - Exporting post-reset data...
2020-12-27 03:21:18,495 - dbcmd - INFO - Removing old dbcmd log files...
2020-12-27 03:21:18,495 - remove - INFO - Successfully removed pathname "E:\daily_export_reset\export\bfw_2020-12-27_03-11-30.log".
2020-12-27 03:21:18,495 - dbcmd - INFO - Executing dbcmd...
2020-12-27 03:25:34,031 - dbcmd - INFO - Checking log file "E:\daily_export_reset\export\bfw_2020-12-27_03-21-18.log"...
2020-12-27 03:25:34,046 - copy_file - INFO - Successfully copied pathname "E:\daily_export_reset\export\bfw_2020-12-27_03-21-18.log" to destination"E:\daily_export_reset\logs\reset_20201227030001\bfw_2020-12-27_03-21-18.log".
2020-12-27 03:25:34,046 - root - INFO - Counting post-reset elements...
2020-12-27 03:25:34,046 - root - INFO - Done.
2020-12-27 03:25:34,046 - root - INFO - Completed reginal project "Region BFW".
2020-12-27 03:25:34,046 - root - INFO - Processing reginal project "Region C".
2020-12-27 03:25:34,046 - root - INFO - Removing previously exported data...
2020-12-27 03:25:34,046 - remove - INFO - Successfully removed pathname "E:\daily_export_reset\export\c\INDEX001.xml".
2020-12-27 03:25:34,046 - remove - INFO - Successfully removed pathname "E:\daily_export_reset\export\c\PROPERTY-LIST001.xml".
2020-12-27 03:25:34,046 - root - INFO - Done.
2020-12-27 03:25:34,046 - root - INFO - Exporting pre-reset data...
2020-12-27 03:25:34,046 - dbcmd - INFO - Removing old dbcmd log files...
2020-12-27 03:25:34,046 - remove - INFO - Successfully removed pathname "E:\daily_export_reset\export\c_2020-12-20_03-31-33.log".
2020-12-27 03:25:34,046 - dbcmd - INFO - Executing dbcmd...
2020-12-27 03:28:52,812 - dbcmd - INFO - Checking log file "E:\daily_export_reset\export\c_2020-12-27_03-25-34.log"...
2020-12-27 03:28:52,828 - copy_file - INFO - Successfully copied pathname "E:\daily_export_reset\export\c_2020-12-27_03-25-34.log" to destination"E:\daily_export_reset\logs\reset_20201227030001\c_2020-12-27_03-25-34.log".
2020-12-27 03:28:52,828 - root - INFO - Counting pre-reset elements...
2020-12-27 03:28:52,859 - root - INFO - Done.
2020-12-27 03:28:52,859 - root - INFO - Removing previously edited data...
2020-12-27 03:28:52,859 - remove - INFO - Successfully removed pathname "E:\daily_export_reset\import\c\PROPERTY-LIST001.xml".
2020-12-27 03:28:52,859 - root - INFO - Done.
2020-12-27 03:28:52,859 - root - INFO - Changing "DAILY_EXPORT" flag to "NO"...
2020-12-27 03:28:52,968 - root - INFO - Done.
2020-12-27 03:28:52,968 - root - INFO - Importing edited data...
2020-12-27 03:28:52,984 - dbcmd - INFO - Removing old dbcmd log files...
2020-12-27 03:28:52,984 - remove - INFO - Successfully removed pathname "E:\daily_export_reset\import\c_2020-12-20_03-27-26.log".
2020-12-27 03:28:52,984 - dbcmd - INFO - Executing dbcmd...
2020-12-27 03:32:46,211 - dbcmd - INFO - Checking log file "E:\daily_export_reset\import\c_2020-12-27_03-28-53.log"...
2020-12-27 03:32:46,211 - copy_file - INFO - Successfully copied pathname "E:\daily_export_reset\import\c_2020-12-27_03-28-53.log" to destination"E:\daily_export_reset\logs\reset_20201227030001\c_2020-12-27_03-28-53.log".
2020-12-27 03:32:46,211 - root - INFO - Removing pre-reset exported data...
2020-12-27 03:32:46,211 - remove - INFO - Successfully removed pathname "E:\daily_export_reset\export\c\INDEX001.xml".
2020-12-27 03:32:46,211 - remove - INFO - Successfully removed pathname "E:\daily_export_reset\export\c\PROPERTY-LIST001.xml".
2020-12-27 03:32:46,211 - root - INFO - Done.
2020-12-27 03:32:46,211 - root - INFO - Exporting post-reset data...
2020-12-27 03:32:46,211 - dbcmd - INFO - Removing old dbcmd log files...
2020-12-27 03:32:46,211 - remove - INFO - Successfully removed pathname "E:\daily_export_reset\export\c_2020-12-27_03-25-34.log".
2020-12-27 03:32:46,211 - dbcmd - INFO - Executing dbcmd...
2020-12-27 03:35:26,429 - dbcmd - INFO - Checking log file "E:\daily_export_reset\export\c_2020-12-27_03-32-46.log"...
2020-12-27 03:35:26,444 - copy_file - INFO - Successfully copied pathname "E:\daily_export_reset\export\c_2020-12-27_03-32-46.log" to destination"E:\daily_export_reset\logs\reset_20201227030001\c_2020-12-27_03-32-46.log".
2020-12-27 03:35:26,444 - root - INFO - Counting post-reset elements...
2020-12-27 03:35:26,460 - root - INFO - Done.
2020-12-27 03:35:26,460 - root - INFO - Completed reginal project "Region C".
2020-12-27 03:35:26,460 - root - INFO - Processing reginal project "Region G".
2020-12-27 03:35:26,460 - root - INFO - Removing previously exported data...
2020-12-27 03:35:26,460 - remove - INFO - Successfully removed pathname "E:\daily_export_reset\export\g\INDEX001.xml".
2020-12-27 03:35:26,460 - remove - INFO - Successfully removed pathname "E:\daily_export_reset\export\g\PROPERTY-LIST001.xml".
2020-12-27 03:35:26,460 - root - INFO - Done.
2020-12-27 03:35:26,460 - root - INFO - Exporting pre-reset data...
2020-12-27 03:35:26,460 - dbcmd - INFO - Removing old dbcmd log files...
2020-12-27 03:35:26,460 - remove - INFO - Successfully removed pathname "E:\daily_export_reset\export\g_2020-12-20_03-40-33.log".
2020-12-27 03:35:26,460 - dbcmd - INFO - Executing dbcmd...
2020-12-27 03:40:02,277 - dbcmd - INFO - Checking log file "E:\daily_export_reset\export\g_2020-12-27_03-35-26.log"...
2020-12-27 03:40:02,292 - copy_file - INFO - Successfully copied pathname "E:\daily_export_reset\export\g_2020-12-27_03-35-26.log" to destination"E:\daily_export_reset\logs\reset_20201227030001\g_2020-12-27_03-35-26.log".
2020-12-27 03:40:02,292 - root - INFO - Counting pre-reset elements...
2020-12-27 03:40:02,308 - root - INFO - Done.
2020-12-27 03:40:02,308 - root - INFO - Removing previously edited data...
2020-12-27 03:40:02,308 - remove - INFO - Successfully removed pathname "E:\daily_export_reset\import\g\PROPERTY-LIST001.xml".
2020-12-27 03:40:02,308 - root - INFO - Done.
2020-12-27 03:40:02,308 - root - INFO - Changing "DAILY_EXPORT" flag to "NO"...
2020-12-27 03:40:02,323 - root - INFO - Done.
2020-12-27 03:40:02,323 - root - INFO - Importing edited data...
2020-12-27 03:40:02,339 - dbcmd - INFO - Removing old dbcmd log files...
2020-12-27 03:40:02,339 - remove - INFO - Successfully removed pathname "E:\daily_export_reset\import\g_2020-12-20_03-36-51.log".
2020-12-27 03:40:02,339 - dbcmd - INFO - Executing dbcmd...
2020-12-27 03:43:31,230 - dbcmd - INFO - Checking log file "E:\daily_export_reset\import\g_2020-12-27_03-40-02.log"...
2020-12-27 03:43:31,230 - copy_file - INFO - Successfully copied pathname "E:\daily_export_reset\import\g_2020-12-27_03-40-02.log" to destination"E:\daily_export_reset\logs\reset_20201227030001\g_2020-12-27_03-40-02.log".
2020-12-27 03:43:31,230 - root - INFO - Removing pre-reset exported data...
2020-12-27 03:43:31,230 - remove - INFO - Successfully removed pathname "E:\daily_export_reset\export\g\INDEX001.xml".
2020-12-27 03:43:31,230 - remove - INFO - Successfully removed pathname "E:\daily_export_reset\export\g\PROPERTY-LIST001.xml".
2020-12-27 03:43:31,230 - root - INFO - Done.
2020-12-27 03:43:31,230 - root - INFO - Exporting post-reset data...
2020-12-27 03:43:31,245 - dbcmd - INFO - Removing old dbcmd log files...
2020-12-27 03:43:31,245 - remove - INFO - Successfully removed pathname "E:\daily_export_reset\export\g_2020-12-27_03-35-26.log".
2020-12-27 03:43:31,245 - dbcmd - INFO - Executing dbcmd...
2020-12-27 03:46:15,519 - dbcmd - INFO - Checking log file "E:\daily_export_reset\export\g_2020-12-27_03-43-31.log"...
2020-12-27 03:46:15,519 - copy_file - INFO - Successfully copied pathname "E:\daily_export_reset\export\g_2020-12-27_03-43-31.log" to destination"E:\daily_export_reset\logs\reset_20201227030001\g_2020-12-27_03-43-31.log".
2020-12-27 03:46:15,519 - root - INFO - Counting post-reset elements...
2020-12-27 03:46:15,519 - root - INFO - Done.
2020-12-27 03:46:15,519 - root - INFO - Completed reginal project "Region G".
2020-12-27 03:46:15,519 - root - INFO - Processing reginal project "Region H".
2020-12-27 03:46:15,519 - root - INFO - Removing previously exported data...
2020-12-27 03:46:15,519 - remove - INFO - Successfully removed pathname "E:\daily_export_reset\export\h\INDEX001.xml".
2020-12-27 03:46:15,519 - remove - INFO - Successfully removed pathname "E:\daily_export_reset\export\h\PROPERTY-LIST001.xml".
2020-12-27 03:46:15,519 - root - INFO - Done.
2020-12-27 03:46:15,519 - root - INFO - Exporting pre-reset data...
2020-12-27 03:46:15,519 - dbcmd - INFO - Removing old dbcmd log files...
2020-12-27 03:46:15,519 - remove - INFO - Successfully removed pathname "E:\daily_export_reset\export\h_2020-12-20_03-48-35.log".
2020-12-27 03:46:15,519 - dbcmd - INFO - Executing dbcmd...
2020-12-27 03:48:37,499 - dbcmd - INFO - Checking log file "E:\daily_export_reset\export\h_2020-12-27_03-46-15.log"...
2020-12-27 03:48:37,499 - copy_file - INFO - Successfully copied pathname "E:\daily_export_reset\export\h_2020-12-27_03-46-15.log" to destination"E:\daily_export_reset\logs\reset_20201227030001\h_2020-12-27_03-46-15.log".
2020-12-27 03:48:37,514 - root - INFO - Counting pre-reset elements...
2020-12-27 03:48:37,546 - root - INFO - Done.
2020-12-27 03:48:37,546 - root - INFO - Removing previously edited data...
2020-12-27 03:48:37,546 - remove - INFO - Successfully removed pathname "E:\daily_export_reset\import\h\PROPERTY-LIST001.xml".
2020-12-27 03:48:37,546 - root - INFO - Done.
2020-12-27 03:48:37,546 - root - INFO - Changing "DAILY_EXPORT" flag to "NO"...
2020-12-27 03:48:37,624 - root - INFO - Done.
2020-12-27 03:48:37,624 - root - INFO - Importing edited data...
2020-12-27 03:48:37,624 - dbcmd - INFO - Removing old dbcmd log files...
2020-12-27 03:48:37,624 - remove - INFO - Successfully removed pathname "E:\daily_export_reset\import\h_2020-12-20_03-45-34.log".
2020-12-27 03:48:37,624 - dbcmd - INFO - Executing dbcmd...
2020-12-27 03:51:45,235 - dbcmd - INFO - Checking log file "E:\daily_export_reset\import\h_2020-12-27_03-48-38.log"...
2020-12-27 03:51:45,251 - copy_file - INFO - Successfully copied pathname "E:\daily_export_reset\import\h_2020-12-27_03-48-38.log" to destination"E:\daily_export_reset\logs\reset_20201227030001\h_2020-12-27_03-48-38.log".
2020-12-27 03:51:45,251 - root - INFO - Removing pre-reset exported data...
2020-12-27 03:51:45,251 - remove - INFO - Successfully removed pathname "E:\daily_export_reset\export\h\INDEX001.xml".
2020-12-27 03:51:45,251 - remove - INFO - Successfully removed pathname "E:\daily_export_reset\export\h\PROPERTY-LIST001.xml".
2020-12-27 03:51:45,251 - root - INFO - Done.
2020-12-27 03:51:45,251 - root - INFO - Exporting post-reset data...
2020-12-27 03:51:45,251 - dbcmd - INFO - Removing old dbcmd log files...
2020-12-27 03:51:45,251 - remove - INFO - Successfully removed pathname "E:\daily_export_reset\export\h_2020-12-27_03-46-15.log".
2020-12-27 03:51:45,251 - dbcmd - INFO - Executing dbcmd...
2020-12-27 03:53:55,047 - dbcmd - INFO - Checking log file "E:\daily_export_reset\export\h_2020-12-27_03-51-45.log"...
2020-12-27 03:53:55,063 - copy_file - INFO - Successfully copied pathname "E:\daily_export_reset\export\h_2020-12-27_03-51-45.log" to destination"E:\daily_export_reset\logs\reset_20201227030001\h_2020-12-27_03-51-45.log".
2020-12-27 03:53:55,063 - root - INFO - Counting post-reset elements...
2020-12-27 03:53:55,063 - root - INFO - Done.
2020-12-27 03:53:55,063 - root - INFO - Completed reginal project "Region H".
2020-12-27 03:53:55,078 - root - INFO - Processing reginal project "Region L".
2020-12-27 03:53:55,078 - root - INFO - Removing previously exported data...
2020-12-27 03:53:55,078 - remove - INFO - Successfully removed pathname "E:\daily_export_reset\export\l\INDEX001.xml".
2020-12-27 03:53:55,078 - remove - INFO - Successfully removed pathname "E:\daily_export_reset\export\l\PROPERTY-LIST001.xml".
2020-12-27 03:53:55,078 - root - INFO - Done.
2020-12-27 03:53:55,078 - root - INFO - Exporting pre-reset data...
2020-12-27 03:53:55,078 - dbcmd - INFO - Removing old dbcmd log files...
2020-12-27 03:53:55,078 - remove - INFO - Successfully removed pathname "E:\daily_export_reset\export\l_2020-12-20_03-57-39.log".
2020-12-27 03:53:55,078 - dbcmd - INFO - Executing dbcmd...
2020-12-27 03:56:42,393 - dbcmd - INFO - Checking log file "E:\daily_export_reset\export\l_2020-12-27_03-53-55.log"...
2020-12-27 03:56:42,409 - copy_file - INFO - Successfully copied pathname "E:\daily_export_reset\export\l_2020-12-27_03-53-55.log" to destination"E:\daily_export_reset\logs\reset_20201227030001\l_2020-12-27_03-53-55.log".
2020-12-27 03:56:42,409 - root - INFO - Counting pre-reset elements...
2020-12-27 03:56:42,425 - root - INFO - Done.
2020-12-27 03:56:42,425 - root - INFO - Removing previously edited data...
2020-12-27 03:56:42,440 - remove - INFO - Successfully removed pathname "E:\daily_export_reset\import\l\PROPERTY-LIST001.xml".
2020-12-27 03:56:42,440 - root - INFO - Done.
2020-12-27 03:56:42,440 - root - INFO - Changing "DAILY_EXPORT" flag to "NO"...
2020-12-27 03:56:42,487 - root - INFO - Done.
2020-12-27 03:56:42,487 - root - INFO - Importing edited data...
2020-12-27 03:56:42,487 - dbcmd - INFO - Removing old dbcmd log files...
2020-12-27 03:56:42,487 - remove - INFO - Successfully removed pathname "E:\daily_export_reset\import\l_2020-12-20_03-53-44.log".
2020-12-27 03:56:42,487 - dbcmd - INFO - Executing dbcmd...
2020-12-27 04:00:26,588 - dbcmd - INFO - Checking log file "E:\daily_export_reset\import\l_2020-12-27_03-56-42.log"...
2020-12-27 04:00:26,604 - copy_file - INFO - Successfully copied pathname "E:\daily_export_reset\import\l_2020-12-27_03-56-42.log" to destination"E:\daily_export_reset\logs\reset_20201227030001\l_2020-12-27_03-56-42.log".
2020-12-27 04:00:26,604 - root - INFO - Removing pre-reset exported data...
2020-12-27 04:00:26,604 - remove - INFO - Successfully removed pathname "E:\daily_export_reset\export\l\INDEX001.xml".
2020-12-27 04:00:26,604 - remove - INFO - Successfully removed pathname "E:\daily_export_reset\export\l\PROPERTY-LIST001.xml".
2020-12-27 04:00:26,604 - root - INFO - Done.
2020-12-27 04:00:26,604 - root - INFO - Exporting post-reset data...
2020-12-27 04:00:26,619 - dbcmd - INFO - Removing old dbcmd log files...
2020-12-27 04:00:26,619 - remove - INFO - Successfully removed pathname "E:\daily_export_reset\export\l_2020-12-27_03-53-55.log".
2020-12-27 04:00:26,619 - dbcmd - INFO - Executing dbcmd...
2020-12-27 04:03:15,963 - dbcmd - INFO - Checking log file "E:\daily_export_reset\export\l_2020-12-27_04-00-26.log"...
2020-12-27 04:03:15,978 - copy_file - INFO - Successfully copied pathname "E:\daily_export_reset\export\l_2020-12-27_04-00-26.log" to destination"E:\daily_export_reset\logs\reset_20201227030001\l_2020-12-27_04-00-26.log".
2020-12-27 04:03:15,978 - root - INFO - Counting post-reset elements...
2020-12-27 04:03:15,978 - root - INFO - Done.
2020-12-27 04:03:15,978 - root - INFO - Completed reginal project "Region L".
2020-12-27 04:03:15,978 - root - INFO - Processing reginal project "Region NR".
2020-12-27 04:03:15,978 - root - INFO - Removing previously exported data...
2020-12-27 04:03:15,978 - remove - INFO - Successfully removed pathname "E:\daily_export_reset\export\nr\INDEX001.xml".
2020-12-27 04:03:15,978 - remove - INFO - Successfully removed pathname "E:\daily_export_reset\export\nr\PROPERTY-LIST001.xml".
2020-12-27 04:03:15,978 - root - INFO - Done.
2020-12-27 04:03:15,978 - root - INFO - Exporting pre-reset data...
2020-12-27 04:03:15,994 - dbcmd - INFO - Removing old dbcmd log files...
2020-12-27 04:03:15,994 - remove - INFO - Successfully removed pathname "E:\daily_export_reset\export\nr_2020-12-20_04-06-34.log".
2020-12-27 04:03:15,994 - dbcmd - INFO - Executing dbcmd...
2020-12-27 04:06:13,450 - dbcmd - INFO - Checking log file "E:\daily_export_reset\export\nr_2020-12-27_04-03-16.log"...
2020-12-27 04:06:13,465 - copy_file - INFO - Successfully copied pathname "E:\daily_export_reset\export\nr_2020-12-27_04-03-16.log" to destination"E:\daily_export_reset\logs\reset_20201227030001\nr_2020-12-27_04-03-16.log".
2020-12-27 04:06:13,465 - root - INFO - Counting pre-reset elements...
2020-12-27 04:06:13,481 - root - INFO - Done.
2020-12-27 04:06:13,481 - root - INFO - Removing previously edited data...
2020-12-27 04:06:13,481 - remove - INFO - Successfully removed pathname "E:\daily_export_reset\import\nr\PROPERTY-LIST001.xml".
2020-12-27 04:06:13,481 - root - INFO - Done.
2020-12-27 04:06:13,481 - root - INFO - Changing "DAILY_EXPORT" flag to "NO"...
2020-12-27 04:06:13,481 - root - INFO - Done.
2020-12-27 04:06:13,497 - root - INFO - Importing edited data...
2020-12-27 04:06:13,497 - dbcmd - INFO - Removing old dbcmd log files...
2020-12-27 04:06:13,497 - remove - INFO - Successfully removed pathname "E:\daily_export_reset\import\nr_2020-12-20_04-03-04.log".
2020-12-27 04:06:13,497 - dbcmd - INFO - Executing dbcmd...
2020-12-27 04:09:42,387 - dbcmd - INFO - Checking log file "E:\daily_export_reset\import\nr_2020-12-27_04-06-13.log"...
2020-12-27 04:09:42,403 - copy_file - INFO - Successfully copied pathname "E:\daily_export_reset\import\nr_2020-12-27_04-06-13.log" to destination"E:\daily_export_reset\logs\reset_20201227030001\nr_2020-12-27_04-06-13.log".
2020-12-27 04:09:42,403 - root - INFO - Removing pre-reset exported data...
2020-12-27 04:09:42,403 - remove - INFO - Successfully removed pathname "E:\daily_export_reset\export\nr\INDEX001.xml".
2020-12-27 04:09:42,403 - remove - INFO - Successfully removed pathname "E:\daily_export_reset\export\nr\PROPERTY-LIST001.xml".
2020-12-27 04:09:42,403 - root - INFO - Done.
2020-12-27 04:09:42,403 - root - INFO - Exporting post-reset data...
2020-12-27 04:09:42,418 - dbcmd - INFO - Removing old dbcmd log files...
2020-12-27 04:09:42,418 - remove - INFO - Successfully removed pathname "E:\daily_export_reset\export\nr_2020-12-27_04-03-16.log".
2020-12-27 04:09:42,418 - dbcmd - INFO - Executing dbcmd...
2020-12-27 04:12:32,901 - dbcmd - INFO - Checking log file "E:\daily_export_reset\export\nr_2020-12-27_04-09-42.log"...
2020-12-27 04:12:32,916 - copy_file - INFO - Successfully copied pathname "E:\daily_export_reset\export\nr_2020-12-27_04-09-42.log" to destination"E:\daily_export_reset\logs\reset_20201227030001\nr_2020-12-27_04-09-42.log".
2020-12-27 04:12:32,916 - root - INFO - Counting post-reset elements...
2020-12-27 04:12:32,916 - root - INFO - Done.
2020-12-27 04:12:32,916 - root - INFO - Completed reginal project "Region NR".
2020-12-27 04:12:32,916 - root - INFO - Processing reginal project "Region O".
2020-12-27 04:12:32,916 - root - INFO - Removing previously exported data...
2020-12-27 04:12:32,916 - remove - INFO - Successfully removed pathname "E:\daily_export_reset\export\o\INDEX001.xml".
2020-12-27 04:12:32,916 - remove - INFO - Successfully removed pathname "E:\daily_export_reset\export\o\PROPERTY-LIST001.xml".
2020-12-27 04:12:32,916 - root - INFO - Done.
2020-12-27 04:12:32,916 - root - INFO - Exporting pre-reset data...
2020-12-27 04:12:32,932 - dbcmd - INFO - Removing old dbcmd log files...
2020-12-27 04:12:32,932 - remove - INFO - Successfully removed pathname "E:\daily_export_reset\export\o_2020-12-20_04-15-10.log".
2020-12-27 04:12:32,932 - dbcmd - INFO - Executing dbcmd...
2020-12-27 04:15:10,123 - dbcmd - INFO - Checking log file "E:\daily_export_reset\export\o_2020-12-27_04-12-33.log"...
2020-12-27 04:15:10,123 - copy_file - INFO - Successfully copied pathname "E:\daily_export_reset\export\o_2020-12-27_04-12-33.log" to destination"E:\daily_export_reset\logs\reset_20201227030001\o_2020-12-27_04-12-33.log".
2020-12-27 04:15:10,138 - root - INFO - Counting pre-reset elements...
2020-12-27 04:15:10,154 - root - INFO - Done.
2020-12-27 04:15:10,154 - root - INFO - Removing previously edited data...
2020-12-27 04:15:10,154 - remove - INFO - Successfully removed pathname "E:\daily_export_reset\import\o\PROPERTY-LIST001.xml".
2020-12-27 04:15:10,154 - root - INFO - Done.
2020-12-27 04:15:10,154 - root - INFO - Changing "DAILY_EXPORT" flag to "NO"...
2020-12-27 04:15:10,247 - root - INFO - Done.
2020-12-27 04:15:10,247 - root - INFO - Importing edited data...
2020-12-27 04:15:10,247 - dbcmd - INFO - Removing old dbcmd log files...
2020-12-27 04:15:10,247 - remove - INFO - Successfully removed pathname "E:\daily_export_reset\import\o_2020-12-20_04-11-23.log".
2020-12-27 04:15:10,247 - dbcmd - INFO - Executing dbcmd...
2020-12-27 04:18:19,871 - dbcmd - INFO - Checking log file "E:\daily_export_reset\import\o_2020-12-27_04-15-10.log"...
2020-12-27 04:18:19,887 - copy_file - INFO - Successfully copied pathname "E:\daily_export_reset\import\o_2020-12-27_04-15-10.log" to destination"E:\daily_export_reset\logs\reset_20201227030001\o_2020-12-27_04-15-10.log".
2020-12-27 04:18:19,887 - root - INFO - Removing pre-reset exported data...
2020-12-27 04:18:19,887 - remove - INFO - Successfully removed pathname "E:\daily_export_reset\export\o\INDEX001.xml".
2020-12-27 04:18:19,887 - remove - INFO - Successfully removed pathname "E:\daily_export_reset\export\o\PROPERTY-LIST001.xml".
2020-12-27 04:18:19,887 - root - INFO - Done.
2020-12-27 04:18:19,887 - root - INFO - Exporting post-reset data...
2020-12-27 04:18:19,887 - dbcmd - INFO - Removing old dbcmd log files...
2020-12-27 04:18:19,887 - remove - INFO - Successfully removed pathname "E:\daily_export_reset\export\o_2020-12-27_04-12-33.log".
2020-12-27 04:18:19,887 - dbcmd - INFO - Executing dbcmd...
2020-12-27 04:20:43,880 - dbcmd - INFO - Checking log file "E:\daily_export_reset\export\o_2020-12-27_04-18-20.log"...
2020-12-27 04:20:43,895 - copy_file - INFO - Successfully copied pathname "E:\daily_export_reset\export\o_2020-12-27_04-18-20.log" to destination"E:\daily_export_reset\logs\reset_20201227030001\o_2020-12-27_04-18-20.log".
2020-12-27 04:20:43,895 - root - INFO - Counting post-reset elements...
2020-12-27 04:20:43,895 - root - INFO - Done.
2020-12-27 04:20:43,895 - root - INFO - Completed reginal project "Region O".
2020-12-27 04:20:43,895 - root - INFO - Copying the log at this point...
2020-12-27 04:20:43,911 - copy_file - INFO - Successfully copied pathname "E:\daily_export_reset\logs\python_20201227030001.log" to destination"E:\daily_export_reset\logs\reset_20201227030001\python_20201227030001.log".
2020-12-27 04:20:43,926 - root - INFO - Archiving and compressing logs...
2020-12-27 04:20:44,098 - remove - INFO - Successfully removed path-prefix "E:\daily_export_reset\logs\reset_20201227030001".
2020-12-27 04:20:44,301 - root - INFO - Authoring mail body...
2020-12-27 04:20:44,582 - root - INFO - Seding files to freetown...
2020-12-27 04:20:44,597 - paramiko.transport - INFO - Connected (version 2.0, client Sun_SSH_2.0)
2020-12-27 04:20:46,501 - paramiko.transport - INFO - Authentication (publickey) successful!
2020-12-27 04:20:47,483 - paramiko.transport.sftp - INFO - [chan 0] Opened sftp connection (server version 3)
2020-12-27 04:20:49,480 - root - INFO - Done.
